\2018-12-20 19:12:35,677 [1] ERROR MYBAR.Services.UserService - Fail to get all users The underlying provider failed on Open.
2018-12-20 19:13:58,884 [1] ERROR MYBAR.Services.UserService - Fail to get all users The underlying provider failed on Open.
2018-12-20 19:15:44,097 [1] ERROR MYBAR.Services.UserService - Fail to get all users The underlying provider failed on Open.
2018-12-20 19:16:42,172 [1] ERROR MYBAR.Services.UserService - Fail to get all users The underlying provider failed on Open.
2018-12-20 19:20:58,267 [1] ERROR MYBAR.Services.UserService - Fail to get all users The underlying provider failed on Open.
2019-02-22 00:04:08,122 [9] ERROR MYBAR.Services.UserService - Fail to get all users The underlying provider failed on Open.
2019-02-22 00:04:37,814 [1] ERROR MYBAR.Services.UserService - Fail to get all users The underlying provider failed on Open.
2019-02-22 00:05:43,437 [1] ERROR MYBAR.Services.UserService - Fail to get all users The underlying provider failed on Open.
2019-02-22 00:08:12,268 [1] ERROR MYBAR.Services.UserService - Fail to get all users The underlying provider failed on Open.
2019-02-22 00:09:07,451 [1] ERROR MYBAR.Services.UserService - Fail to get all users The underlying provider failed on Open.
2019-03-04 22:19:14,466 [1] ERROR MYBAR.Helper.BackgroundWorker - Error reading app settings
2019-03-04 22:19:48,023 [1] ERROR MYBAR.Helper.BackgroundWorker - Error reading app settings
2019-03-04 22:20:03,680 [1] ERROR MYBAR.Helper.BackgroundWorker - Error reading app settings
2019-03-04 22:20:18,339 [1] ERROR MYBAR.Helper.BackgroundWorker - Error reading app settings
2019-03-04 22:23:01,155 [1] ERROR MYBAR.Helper.BackgroundWorker - Error reading app settings
2019-03-04 22:23:04,915 [1] ERROR MYBAR.Helper.BackgroundWorker - Error writing app settings
2019-03-04 22:23:04,932 [1] ERROR MYBAR.Helper.BackgroundWorker - Error writing app settings
2019-03-04 22:23:04,938 [1] ERROR MYBAR.Helper.BackgroundWorker - Error writing app settings
2019-03-04 22:23:04,947 [1] ERROR MYBAR.Helper.BackgroundWorker - Error reading app settings
2019-03-04 22:23:04,984 [3] ERROR MYBAR.Helper.BackgroundWorker - Error reading app settings
2019-03-04 22:23:04,984 [3] ERROR MYBAR.Helper.BackgroundWorker - Error reading app settings
2019-03-04 22:23:04,984 [3] ERROR MYBAR.Helper.BackgroundWorker - Error reading app settings
2019-03-04 22:23:04,984 [3] ERROR MYBAR.Helper.BackgroundWorker - Error reading app settings
2019-03-04 22:23:04,999 [1] ERROR MYBAR.Services.UserService - Fail to get all users The type initializer for 'System.Data.Entity.Internal.AppConfig' threw an exception.
2019-03-04 22:23:05,004 [1] ERROR MYBAR.Helper.BackgroundWorker - Error reading app settings
2019-03-28 22:10:58,878 [1] ERROR MYBAR.Services.UserService - Fail to get all users The underlying provider failed on Open.
2019-03-28 22:12:05,744 [1] ERROR MYBAR.Services.UserService - Fail to get all users The underlying provider failed on Open.
2019-03-28 22:12:51,757 [1] ERROR MYBAR.Services.UserService - Fail to get all users The underlying provider failed on Open.
2019-03-28 22:16:44,794 [1] ERROR MYBAR.Services.UserService - Fail to get all users The underlying provider failed on Open.
